<?xml version="1.0" encoding="UTF-8"?>
<testng-results skipped="0" failed="0" ignored="1" total="2" passed="1">
  <reporter-output>
    <line>
      <![CDATA[Login functionality is working fine]]>
    </line>
    <line>
      <![CDATA[Dashboard functionality is working fine]]>
    </line>
    <line>
      <![CDATA[Create list functionality is working fine]]>
    </line>
    <line>
      <![CDATA[create card functionality is working fine]]>
    </line>
    <line>
      <![CDATA[Moving cards functionality is working fine]]>
    </line>
    <line>
      <![CDATA[Enter comment functionality is working fine]]>
    </line>
  </reporter-output>
  <suite name="Suite" duration-ms="50450" started-at="2020-08-10T11:40:02Z" finished-at="2020-08-10T11:40:53Z">
    <groups>
    </groups>
    <test name="Test" duration-ms="50450" started-at="2020-08-10T11:40:02Z" finished-at="2020-08-10T11:40:53Z">
      <class name="trello.testcases.testcase">
        <test-method status="PASS" signature="StartReport()[pri:0, instance:trello.testcases.testcase@4dfa3a9d]" name="StartReport" is-config="true" duration-ms="274" started-at="2020-08-10T11:40:02Z" finished-at="2020-08-10T11:40:02Z">
          <reporter-output>
          </reporter-output>
        </test-method> <!-- StartReport -->
        <test-method status="PASS" signature="startmethod()[pri:0, instance:trello.testcases.testcase@4dfa3a9d]" name="startmethod" is-config="true" duration-ms="13043" started-at="2020-08-10T11:40:03Z" finished-at="2020-08-10T11:40:16Z">
          <reporter-output>
          </reporter-output>
        </test-method> <!-- startmethod -->
        <test-method status="PASS" signature="process(java.lang.String, java.lang.String, java.lang.String, java.lang.String, java.lang.String, java.lang.String, java.lang.String, java.lang.String, java.lang.String, java.lang.String)[pri:0, instance:trello.testcases.testcase@4dfa3a9d]" name="process" duration-ms="36077" started-at="2020-08-10T11:40:16Z" data-provider="gettestdata" finished-at="2020-08-10T11:40:53Z">
          <params>
            <param index="0">
              <value>
                <![CDATA[NewBoard1]]>
              </value>
            </param>
            <param index="1">
              <value>
                <![CDATA[Not started1]]>
              </value>
            </param>
            <param index="2">
              <value>
                <![CDATA[In progress1]]>
              </value>
            </param>
            <param index="3">
              <value>
                <![CDATA[QA1]]>
              </value>
            </param>
            <param index="4">
              <value>
                <![CDATA[Done1]]>
              </value>
            </param>
            <param index="5">
              <value>
                <![CDATA[Card1]]>
              </value>
            </param>
            <param index="6">
              <value>
                <![CDATA[Card2]]>
              </value>
            </param>
            <param index="7">
              <value>
                <![CDATA[Card3]]>
              </value>
            </param>
            <param index="8">
              <value>
                <![CDATA[Card4]]>
              </value>
            </param>
            <param index="9">
              <value>
                <![CDATA[I am done]]>
              </value>
            </param>
          </params>
          <reporter-output>
            <line>
              <![CDATA[Login functionality is working fine]]>
            </line>
            <line>
              <![CDATA[Dashboard functionality is working fine]]>
            </line>
            <line>
              <![CDATA[Create list functionality is working fine]]>
            </line>
            <line>
              <![CDATA[create card functionality is working fine]]>
            </line>
            <line>
              <![CDATA[Moving cards functionality is working fine]]>
            </line>
            <line>
              <![CDATA[Enter comment functionality is working fine]]>
            </line>
          </reporter-output>
        </test-method> <!-- process -->
        <test-method status="PASS" signature="stopmethod()[pri:0, instance:trello.testcases.testcase@4dfa3a9d]" name="stopmethod" is-config="true" duration-ms="0" started-at="2020-08-10T11:40:53Z" finished-at="2020-08-10T11:40:53Z">
          <reporter-output>
          </reporter-output>
        </test-method> <!-- stopmethod -->
        <test-method status="PASS" signature="EndReport()[pri:0, instance:trello.testcases.testcase@4dfa3a9d]" name="EndReport" is-config="true" duration-ms="1026" started-at="2020-08-10T11:40:53Z" finished-at="2020-08-10T11:40:54Z">
          <reporter-output>
          </reporter-output>
        </test-method> <!-- EndReport -->
      </class> <!-- trello.testcases.testcase -->
    </test> <!-- Test -->
  </suite> <!-- Suite -->
</testng-results>
